[0m17:38:58.859530 [debug] [MainThread]: Sending event: {'category': 'dbt', 'action': 'invocation', 'label': 'start', 'context': [<snowplow_tracker.self_describing_json.SelfDescribingJson object at 0x0000015B119062D0>, <snowplow_tracker.self_describing_json.SelfDescribingJson object at 0x0000015B11906290>, <snowplow_tracker.self_describing_json.SelfDescribingJson object at 0x0000015B11905710>]}


============================== 17:38:58.863164 | 82bda8f6-59dc-406c-a5ef-13b01d3028b7 ==============================
[0m17:38:58.863164 [info ] [MainThread]: Running with dbt=1.11.8
[0m17:38:58.865877 [debug] [MainThread]: running dbt with arguments {'static_parser': 'True', 'no_print': 'None', 'version_check': 'True', 'target_path': 'None', 'warn_error_options': 'WarnErrorOptionsV2(error=[], warn=[], silence=[])', 'printer_width': '80', 'write_json': 'True', 'empty': 'None', 'log_cache_events': 'False', 'introspect': 'True', 'cache_selected_only': 'False', 'log_format': 'default', 'debug': 'False', 'fail_fast': 'False', 'partial_parse': 'True', 'send_anonymous_usage_stats': 'True', 'quiet': 'False', 'warn_error': 'None', 'profiles_dir': 'C:\\Users\\PC\\.dbt', 'use_colors': 'True', 'indirect_selection': 'eager', 'invocation_command': 'dbt init dbt_project', 'use_experimental_parser': 'False', 'log_path': 'logs'}
[0m17:38:58.871465 [debug] [MainThread]: Starter project path: C:\Users\PC\Desktop\Work\day20-local-pipeline\.venv\Lib\site-packages\dbt\include\starter_project
[0m17:38:58.898045 [info ] [MainThread]: 
Your new dbt project "dbt_project" was created!

For more information on how to configure the profiles.yml file,
please consult the dbt documentation here:

  https://docs.getdbt.com/docs/configure-your-profile

One more thing:

Need help? Don't hesitate to reach out to us via GitHub issues or on Slack:

  https://community.getdbt.com/

Happy modeling!

[0m17:38:58.898045 [info ] [MainThread]: Setting up your profile.
[0m17:39:03.173532 [debug] [MainThread]: Snowflake adapter: Setting snowflake.connector to ERROR (file logging only)
[0m17:39:03.173532 [debug] [MainThread]: Snowflake adapter: Setting botocore to ERROR (file logging only)
[0m17:39:03.173532 [debug] [MainThread]: Snowflake adapter: Setting boto3 to ERROR (file logging only)
[0m17:41:40.517454 [info ] [MainThread]: Profile dbt_project written to C:\Users\PC\.dbt\profiles.yml using target's profile_template.yml and your supplied values. Run 'dbt debug' to validate the connection.
[0m17:41:40.517454 [debug] [MainThread]: Command `dbt init` succeeded at 17:41:40.517454 after 161.79 seconds
[0m17:41:40.517454 [debug] [MainThread]: Sending event: {'category': 'dbt', 'action': 'invocation', 'label': 'end', 'context': [<snowplow_tracker.self_describing_json.SelfDescribingJson object at 0x0000015B11919A50>, <snowplow_tracker.self_describing_json.SelfDescribingJson object at 0x0000015B11919A10>, <snowplow_tracker.self_describing_json.SelfDescribingJson object at 0x0000015B1080D8D0>]}
[0m17:41:40.521165 [debug] [MainThread]: Flushing usage events
[0m17:41:42.035436 [debug] [MainThread]: An error was encountered while trying to flush usage events
[0m17:42:29.311396 [debug] [MainThread]: Sending event: {'category': 'dbt', 'action': 'invocation', 'label': 'start', 'context': [<snowplow_tracker.self_describing_json.SelfDescribingJson object at 0x00000287D8AE9D90>, <snowplow_tracker.self_describing_json.SelfDescribingJson object at 0x00000287D8ABC250>, <snowplow_tracker.self_describing_json.SelfDescribingJson object at 0x00000287D8ABC950>]}


============================== 17:42:29.315297 | f1cf8e7c-b143-4249-a4a4-17b5a4b82d68 ==============================
[0m17:42:29.315297 [info ] [MainThread]: Running with dbt=1.11.8
[0m17:42:29.316369 [debug] [MainThread]: running dbt with arguments {'version_check': 'True', 'no_print': 'None', 'static_parser': 'True', 'warn_error_options': 'WarnErrorOptionsV2(error=[], warn=[], silence=[])', 'target_path': 'None', 'printer_width': '80', 'write_json': 'True', 'empty': 'None', 'log_cache_events': 'False', 'introspect': 'True', 'cache_selected_only': 'False', 'fail_fast': 'False', 'debug': 'False', 'log_format': 'default', 'profiles_dir': 'C:\\Users\\PC\\.dbt', 'send_anonymous_usage_stats': 'True', 'quiet': 'False', 'warn_error': 'None', 'partial_parse': 'True', 'indirect_selection': 'eager', 'use_colors': 'True', 'invocation_command': 'dbt debug', 'use_experimental_parser': 'False', 'log_path': 'logs'}
[0m17:42:29.328202 [info ] [MainThread]: dbt version: 1.11.8
[0m17:42:29.329896 [info ] [MainThread]: python version: 3.11.0
[0m17:42:29.331358 [info ] [MainThread]: python path: C:\Users\PC\Desktop\Work\day20-local-pipeline\.venv\Scripts\python.exe
[0m17:42:29.331358 [info ] [MainThread]: os info: Windows-10-10.0.26200-SP0
[0m17:42:29.670804 [debug] [MainThread]: Snowflake adapter: Setting snowflake.connector to ERROR (file logging only)
[0m17:42:29.670804 [debug] [MainThread]: Snowflake adapter: Setting botocore to ERROR (file logging only)
[0m17:42:29.670804 [debug] [MainThread]: Snowflake adapter: Setting boto3 to ERROR (file logging only)
[0m17:42:29.728748 [info ] [MainThread]: Using profiles dir at C:\Users\PC\.dbt
[0m17:42:29.728748 [info ] [MainThread]: Using profiles.yml file at C:\Users\PC\.dbt\profiles.yml
[0m17:42:29.728748 [info ] [MainThread]: Using dbt_project.yml file at C:\Users\PC\Desktop\Work\day20-local-pipeline\dbt_project.yml
[0m17:42:29.728748 [info ] [MainThread]: adapter type: snowflake
[0m17:42:29.728748 [info ] [MainThread]: adapter version: 1.11.4
[0m17:42:29.728748 [info ] [MainThread]: Configuration:
[0m17:42:29.728748 [info ] [MainThread]:   profiles.yml file [[32mOK found and valid[0m]
[0m17:42:29.738201 [info ] [MainThread]:   dbt_project.yml file [[31mERROR not found[0m]
[0m17:42:29.739256 [info ] [MainThread]: Required dependencies:
[0m17:42:29.739598 [debug] [MainThread]: Executing "git --help"
[0m17:42:29.833646 [debug] [MainThread]: STDOUT: "b"usage: git [-v | --version] [-h | --help] [-C <path>] [-c <name>=<value>]\n           [--exec-path[=<path>]] [--html-path] [--man-path] [--info-path]\n           [-p | --paginate | -P | --no-pager] [--no-replace-objects] [--no-lazy-fetch]\n           [--no-optional-locks] [--no-advice] [--bare] [--git-dir=<path>]\n           [--work-tree=<path>] [--namespace=<name>] [--config-env=<name>=<envvar>]\n           <command> [<args>]\n\nThese are common Git commands used in various situations:\n\nstart a working area (see also: git help tutorial)\n   clone      Clone a repository into a new directory\n   init       Create an empty Git repository or reinitialize an existing one\n\nwork on the current change (see also: git help everyday)\n   add        Add file contents to the index\n   mv         Move or rename a file, a directory, or a symlink\n   restore    Restore working tree files\n   rm         Remove files from the working tree and from the index\n\nexamine the history and state (see also: git help revisions)\n   bisect     Use binary search to find the commit that introduced a bug\n   diff       Show changes between commits, commit and working tree, etc\n   grep       Print lines matching a pattern\n   log        Show commit logs\n   show       Show various types of objects\n   status     Show the working tree status\n\ngrow, mark and tweak your common history\n   backfill   Download missing objects in a partial clone\n   branch     List, create, or delete branches\n   commit     Record changes to the repository\n   merge      Join two or more development histories together\n   rebase     Reapply commits on top of another base tip\n   reset      Set `HEAD` or the index to a known state\n   switch     Switch branches\n   tag        Create, list, delete or verify tags\n\ncollaborate (see also: git help workflows)\n   fetch      Download objects and refs from another repository\n   pull       Fetch from and integrate with another repository or a local branch\n   push       Update remote refs along with associated objects\n\n'git help -a' and 'git help -g' list available subcommands and some\nconcept guides. See 'git help <command>' or 'git help <concept>'\nto read about a specific subcommand or concept.\nSee 'git help git' for an overview of the system.\n""
[0m17:42:29.833646 [debug] [MainThread]: STDERR: "b''"
[0m17:42:29.833646 [info ] [MainThread]:  - git [[32mOK found[0m]

[0m17:42:29.833646 [info ] [MainThread]: Connection:
[0m17:42:29.833646 [info ] [MainThread]:   account: ELIBDTX-FG38904
[0m17:42:29.833646 [info ] [MainThread]:   user: RIMSHA
[0m17:42:29.833646 [info ] [MainThread]:   database: TRI_DATA_ENGINE
[0m17:42:29.833646 [info ] [MainThread]:   warehouse: TRI_DATA_WH
[0m17:42:29.841879 [info ] [MainThread]:   role: ACCOUNTADMIN
[0m17:42:29.841879 [info ] [MainThread]:   schema: raw
[0m17:42:29.843322 [info ] [MainThread]:   authenticator: None
[0m17:42:29.843322 [info ] [MainThread]:   oauth_client_id: None
[0m17:42:29.844465 [info ] [MainThread]:   query_tag: None
[0m17:42:29.845411 [info ] [MainThread]:   client_session_keep_alive: False
[0m17:42:29.845800 [info ] [MainThread]:   host: None
[0m17:42:29.845800 [info ] [MainThread]:   port: None
[0m17:42:29.845800 [info ] [MainThread]:   proxy_host: None
[0m17:42:29.847920 [info ] [MainThread]:   proxy_port: None
[0m17:42:29.847920 [info ] [MainThread]:   protocol: None
[0m17:42:29.847920 [info ] [MainThread]:   connect_retries: 1
[0m17:42:29.850280 [info ] [MainThread]:   connect_timeout: None
[0m17:42:29.851607 [info ] [MainThread]:   retry_on_database_errors: False
[0m17:42:29.851607 [info ] [MainThread]:   retry_all: False
[0m17:42:29.851607 [info ] [MainThread]:   insecure_mode: False
[0m17:42:29.851607 [info ] [MainThread]:   reuse_connections: True
[0m17:42:29.851607 [info ] [MainThread]:   s3_stage_vpce_dns_name: None
[0m17:42:29.854789 [info ] [MainThread]:   platform_detection_timeout_seconds: 0.0
[0m17:42:29.854789 [info ] [MainThread]: Registered adapter: snowflake=1.11.4
[0m17:42:30.119739 [debug] [MainThread]: Acquiring new snowflake connection 'debug'
[0m17:42:30.168078 [debug] [MainThread]: Using snowflake connection "debug"
[0m17:42:30.168078 [debug] [MainThread]: On debug: select 1 as id
[0m17:42:30.171626 [debug] [MainThread]: Opening a new connection, currently in state init
[0m17:42:34.411380 [debug] [MainThread]: SQL status: SUCCESS 1 in 4.241 seconds
[0m17:42:34.411380 [info ] [MainThread]:   Connection test: [[32mOK connection ok[0m]

[0m17:42:34.411380 [info ] [MainThread]: [31m1 check failed:[0m
[0m17:42:34.411380 [info ] [MainThread]: Project loading failed for the following reason:
 project path <C:\Users\PC\Desktop\Work\day20-local-pipeline\dbt_project.yml> not found

[0m17:42:34.411380 [debug] [MainThread]: Command `dbt debug` failed at 17:42:34.411380 after 5.19 seconds
[0m17:42:34.411380 [debug] [MainThread]: Connection 'debug' was left open.
[0m17:42:34.411380 [debug] [MainThread]: On debug: Close
[0m17:42:34.777152 [debug] [MainThread]: Sending event: {'category': 'dbt', 'action': 'invocation', 'label': 'end', 'context': [<snowplow_tracker.self_describing_json.SelfDescribingJson object at 0x00000287D0C9A790>, <snowplow_tracker.self_describing_json.SelfDescribingJson object at 0x00000287DA25BF50>, <snowplow_tracker.self_describing_json.SelfDescribingJson object at 0x00000287DA108810>]}
[0m17:42:34.777152 [debug] [MainThread]: Flushing usage events
[0m17:42:35.711632 [debug] [MainThread]: An error was encountered while trying to flush usage events
